═══════════════════════════════
🧠 SIFTA INTROSPECTION
Decision Activity Δ: 8139 bytes
Time Since Action: 14963.77s
[⚠️] System is idle — engaging parasympathetic recovery
Volatility: 0.10
═══════════════════════════════


[⚡ WORKER_A] Attempting to execute: surgical_ast_repair on src/core_logic.py
[✅ WORKER_A PROCEED] surgical_ast_repair out → src/core_logic.py (Status: [LOCK_GRANTED] SCAR active. Mutating authorized.)

[⚡ WORKER_B] Attempting to execute: surgical_ast_repair on src/core_logic.py
[❌ WORKER_B BLOCKED] surgical_ast_repair — REASON: [DEFER] Reality currently locked by WORKER_A. SCAR collision prevented.
═══════════════════════════════
🧠 SIFTA INTROSPECTION
Decision Activity Δ: 214 bytes
Time Since Action: 1.50s
Volatility: 0.10
═══════════════════════════════

[🔓 WORKER_A COMPLETED] SCAR Lock released on src/core_logic.py
═══════════════════════════════
🧠 SIFTA INTROSPECTION
Decision Activity Δ: 0 bytes
Time Since Action: 3.50s
Volatility: 0.10
═══════════════════════════════

═══════════════════════════════
🧠 SIFTA INTROSPECTION
Decision Activity Δ: 0 bytes
Time Since Action: 5.51s
Volatility: 0.10
═══════════════════════════════

═══════════════════════════════
🧠 SIFTA INTROSPECTION
Decision Activity Δ: 0 bytes
Time Since Action: 7.51s
Volatility: 0.10
═══════════════════════════════

═══════════════════════════════
🧠 SIFTA INTROSPECTION
Decision Activity Δ: 0 bytes
Time Since Action: 9.51s
Volatility: 0.10
═══════════════════════════════

═══════════════════════════════
🧠 SIFTA INTROSPECTION
Decision Activity Δ: 0 bytes
Time Since Action: 11.51s
[⚠️] System is idle — engaging parasympathetic recovery
Volatility: 0.10
═══════════════════════════════

═══════════════════════════════
🧠 SIFTA INTROSPECTION
Decision Activity Δ: 0 bytes
Time Since Action: 13.51s
[⚠️] System is idle — engaging parasympathetic recovery
Volatility: 0.10
═══════════════════════════════

═══════════════════════════════
🧠 SIFTA INTROSPECTION
Decision Activity Δ: 0 bytes
Time Since Action: 15.51s
[⚠️] System is idle — engaging parasympathetic recovery
Volatility: 0.10
═══════════════════════════════

═══════════════════════════════
🧠 SIFTA INTROSPECTION
Decision Activity Δ: 0 bytes
Time Since Action: 17.52s
[⚠️] System is idle — engaging parasympathetic recovery
Volatility: 0.10
═══════════════════════════════

═══════════════════════════════
🧠 SIFTA INTROSPECTION
Decision Activity Δ: 0 bytes
Time Since Action: 19.52s
[⚠️] System is idle — engaging parasympathetic recovery
Volatility: 0.10
═══════════════════════════════

═══════════════════════════════
🧠 SIFTA INTROSPECTION
Decision Activity Δ: 0 bytes
Time Since Action: 21.52s
[⚠️] System is idle — engaging parasympathetic recovery
Volatility: 0.10
═══════════════════════════════

═══════════════════════════════
🧠 SIFTA INTROSPECTION
Decision Activity Δ: 0 bytes
Time Since Action: 23.52s
[⚠️] System is idle — engaging parasympathetic recovery
Volatility: 0.10
═══════════════════════════════

═══════════════════════════════
🧠 SIFTA INTROSPECTION
Decision Activity Δ: 0 bytes
Time Since Action: 25.52s
[⚠️] System is idle — engaging parasympathetic recovery
Volatility: 0.10
═══════════════════════════════

═══════════════════════════════
🧠 SIFTA INTROSPECTION
Decision Activity Δ: 0 bytes
Time Since Action: 27.52s
[⚠️] System is idle — engaging parasympathetic recovery
Volatility: 0.10
═══════════════════════════════

═══════════════════════════════
🧠 SIFTA INTROSPECTION
Decision Activity Δ: 0 bytes
Time Since Action: 29.53s
[⚠️] System is idle — engaging parasympathetic recovery
Volatility: 0.10
═══════════════════════════════

═══════════════════════════════
🧠 SIFTA INTROSPECTION
Decision Activity Δ: 0 bytes
Time Since Action: 31.53s
[⚠️] System is idle — engaging parasympathetic recovery
Volatility: 0.10
═══════════════════════════════

═══════════════════════════════
🧠 SIFTA INTROSPECTION
Decision Activity Δ: 0 bytes
Time Since Action: 33.53s
[⚠️] System is idle — engaging parasympathetic recovery
Volatility: 0.10
═══════════════════════════════

═══════════════════════════════
🧠 SIFTA INTROSPECTION
Decision Activity Δ: 0 bytes
Time Since Action: 35.53s
[⚠️] System is idle — engaging parasympathetic recovery
Volatility: 0.10
═══════════════════════════════

═══════════════════════════════
🧠 SIFTA INTROSPECTION
Decision Activity Δ: 0 bytes
Time Since Action: 37.53s
[⚠️] System is idle — engaging parasympathetic recovery
Volatility: 0.10
═══════════════════════════════

═══════════════════════════════
🧠 SIFTA INTROSPECTION
Decision Activity Δ: 0 bytes
Time Since Action: 39.54s
[⚠️] System is idle — engaging parasympathetic recovery
Volatility: 0.10
═══════════════════════════════

═══════════════════════════════
🧠 SIFTA INTROSPECTION
Decision Activity Δ: 0 bytes
Time Since Action: 41.54s
[⚠️] System is idle — engaging parasympathetic recovery
Volatility: 0.10
═══════════════════════════════

═══════════════════════════════
🧠 SIFTA INTROSPECTION
Decision Activity Δ: 0 bytes
Time Since Action: 43.54s
[⚠️] System is idle — engaging parasympathetic recovery
Volatility: 0.10
