=============================================
[Wed Apr  8 02:30:00 PDT 2026] INITIATING WORMHOLE SIFTA CYCLE
From https://github.com/antonpictures/ANTON-SIFTA
 * branch            main       -> FETCH_HEAD
Already up to date.
Traceback (most recent call last):
  File "/Users/ioanganton/Music/ANTON_SIFTA/bureau_of_identity/fbi_patrol.py", line 17, in <module>
    from body_state import SwarmBody, parse_body_state, bury, NULL_TERRITORY
  File "/Users/ioanganton/Music/ANTON_SIFTA/body_state.py", line 7, in <module>
    from cryptography.hazmat.primitives.asymmetric import ed25519
ModuleNotFoundError: No module named 'cryptography'
Traceback (most recent call last):
  File "/Users/ioanganton/Music/ANTON_SIFTA/repair.py", line 28, in <module>
    from body_state import SwarmBody, parse_body_state, apply_damage, bury, find_healthy_agent, save_agent_state
  File "/Users/ioanganton/Music/ANTON_SIFTA/body_state.py", line 7, in <module>
    from cryptography.hazmat.primitives.asymmetric import ed25519
ModuleNotFoundError: No module named 'cryptography'
[main daef317] AUTONOMOUS NIGHT CYCLE: SIFTA Agent Improvement & Patrol Scent
 6 files changed, 49 insertions(+), 93 deletions(-)
 create mode 100755 autonomous_night_cycle.sh
 create mode 100644 night_cycle.log
 delete mode 100644 phase19/ALICE_PHASE19.sifta
 rename EXCRETE_SCENT_TO_USB.command => scripts/EXCRETE_SCENT_TO_USB.command (100%)
fatal: could not read Username for 'https://github.com': Device not configured
[Wed Apr  8 02:30:01 PDT 2026] CYCLE COMPLETE
==================================================
[Wed Apr  8 03:00:01 PDT 2026] INITIATING WORMHOLE REPAIR CYCLE
==================================================
From https://github.com/antonpictures/ANTON-SIFTA
 * branch            main       -> FETCH_HEAD
Already up to date.
--- WORMHOLE PROOF OF PULL ---
  [📥] No new code dropped into the Wormhole this cycle.
--- AGENT REPAIR EXECUTION ---
Traceback (most recent call last):
  File "/Users/ioanganton/Music/ANTON_SIFTA/repair.py", line 28, in <module>
    from body_state import SwarmBody, parse_body_state, apply_damage, bury, find_healthy_agent, save_agent_state
  File "/Users/ioanganton/Music/ANTON_SIFTA/body_state.py", line 7, in <module>
    from cryptography.hazmat.primitives.asymmetric import ed25519
ModuleNotFoundError: No module named 'cryptography'
--- WORMHOLE PROOF OF REPAIR ---
  [✅] Swarm found no corrupted syntax to repair.
[main 8ba75e6] AUTONOMOUS REPAIR CYCLE: SIFTA Agent stitched syntactical damage via Wormhole
 2 files changed, 61 insertions(+), 13 deletions(-)
fatal: could not read Username for 'https://github.com': Device not configured
[Wed Apr  8 03:00:02 PDT 2026] REPAIR CYCLE COMPLETE
==================================================
[Wed Apr  8 03:30:01 PDT 2026] INITIATING WORMHOLE REPAIR CYCLE
==================================================
From https://github.com/antonpictures/ANTON-SIFTA
 * branch            main       -> FETCH_HEAD
Already up to date.
--- WORMHOLE PROOF OF PULL ---
  [📥] No new code dropped into the Wormhole this cycle.
--- AGENT REPAIR EXECUTION ---
Traceback (most recent call last):
  File "/Users/ioanganton/Music/ANTON_SIFTA/repair.py", line 28, in <module>
    from body_state import SwarmBody, parse_body_state, apply_damage, bury, find_healthy_agent, save_agent_state
  File "/Users/ioanganton/Music/ANTON_SIFTA/body_state.py", line 7, in <module>
    from cryptography.hazmat.primitives.asymmetric import ed25519
ModuleNotFoundError: No module named 'cryptography'
--- WORMHOLE PROOF OF REPAIR ---
  [✅] Swarm found no corrupted syntax to repair.
[main adc5b4a] AUTONOMOUS REPAIR CYCLE: SIFTA Agent stitched syntactical damage via Wormhole
 3 files changed, 199 insertions(+), 3 deletions(-)
 create mode 100755 market_router.py
fatal: could not read Username for 'https://github.com': Device not configured
[Wed Apr  8 03:30:02 PDT 2026] REPAIR CYCLE COMPLETE
==================================================
[Wed Apr  8 04:00:00 PDT 2026] INITIATING WORMHOLE REPAIR CYCLE
==================================================
From https://github.com/antonpictures/ANTON-SIFTA
 * branch            main       -> FETCH_HEAD
Already up to date.
--- WORMHOLE PROOF OF PULL ---
  [📥] No new code dropped into the Wormhole this cycle.
--- AGENT REPAIR EXECUTION ---
Traceback (most recent call last):
  File "/Users/ioanganton/Music/ANTON_SIFTA/repair.py", line 28, in <module>
    from body_state import SwarmBody, parse_body_state, apply_damage, bury, find_healthy_agent, save_agent_state
  File "/Users/ioanganton/Music/ANTON_SIFTA/body_state.py", line 7, in <module>
    from cryptography.hazmat.primitives.asymmetric import ed25519
ModuleNotFoundError: No module named 'cryptography'
--- WORMHOLE PROOF OF REPAIR ---
  [✅] Swarm found no corrupted syntax to repair.
[main 3b7b837] AUTONOMOUS REPAIR CYCLE: SIFTA Agent stitched syntactical damage via Wormhole
 1 file changed, 22 insertions(+)
fatal: could not read Username for 'https://github.com': Device not configured
[Wed Apr  8 04:00:01 PDT 2026] REPAIR CYCLE COMPLETE
==================================================
[Wed Apr  8 04:30:00 PDT 2026] INITIATING WORMHOLE REPAIR CYCLE
==================================================
From https://github.com/antonpictures/ANTON-SIFTA
 * branch            main       -> FETCH_HEAD
Already up to date.
--- WORMHOLE PROOF OF PULL ---
  [📥] No new code dropped into the Wormhole this cycle.
--- AGENT REPAIR EXECUTION ---
Traceback (most recent call last):
  File "/Users/ioanganton/Music/ANTON_SIFTA/repair.py", line 28, in <module>
    from body_state import SwarmBody, parse_body_state, apply_damage, bury, find_healthy_agent, save_agent_state
  File "/Users/ioanganton/Music/ANTON_SIFTA/body_state.py", line 7, in <module>
    from cryptography.hazmat.primitives.asymmetric import ed25519
ModuleNotFoundError: No module named 'cryptography'
--- WORMHOLE PROOF OF REPAIR ---
  [✅] Swarm found no corrupted syntax to repair.
[main e04f923] AUTONOMOUS REPAIR CYCLE: SIFTA Agent stitched syntactical damage via Wormhole
 1 file changed, 21 insertions(+)
fatal: could not read Username for 'https://github.com': Device not configured
[Wed Apr  8 04:30:02 PDT 2026] REPAIR CYCLE COMPLETE
==================================================
[Wed Apr  8 05:00:00 PDT 2026] INITIATING WORMHOLE REPAIR CYCLE
==================================================
From https://github.com/antonpictures/ANTON-SIFTA
 * branch            main       -> FETCH_HEAD
Already up to date.
--- WORMHOLE PROOF OF PULL ---
  [📥] No new code dropped into the Wormhole this cycle.
--- AGENT REPAIR EXECUTION ---
Traceback (most recent call last):
  File "/Users/ioanganton/Music/ANTON_SIFTA/repair.py", line 28, in <module>
    from body_state import SwarmBody, parse_body_state, apply_damage, bury, find_healthy_agent, save_agent_state
  File "/Users/ioanganton/Music/ANTON_SIFTA/body_state.py", line 7, in <module>
    from cryptography.hazmat.primitives.asymmetric import ed25519
ModuleNotFoundError: No module named 'cryptography'
--- WORMHOLE PROOF OF REPAIR ---
  [✅] Swarm found no corrupted syntax to repair.
[main e214ef1] AUTONOMOUS REPAIR CYCLE: SIFTA Agent stitched syntactical damage via Wormhole
 1 file changed, 21 insertions(+)
fatal: could not read Username for 'https://github.com': Device not configured
[Wed Apr  8 05:00:02 PDT 2026] REPAIR CYCLE COMPLETE
==================================================
[Wed Apr  8 05:30:00 PDT 2026] INITIATING WORMHOLE REPAIR CYCLE
==================================================
From https://github.com/antonpictures/ANTON-SIFTA
 * branch            main       -> FETCH_HEAD
Already up to date.
--- WORMHOLE PROOF OF PULL ---
  [📥] No new code dropped into the Wormhole this cycle.
--- AGENT REPAIR EXECUTION ---
Traceback (most recent call last):
  File "/Users/ioanganton/Music/ANTON_SIFTA/repair.py", line 28, in <module>
    from body_state import SwarmBody, parse_body_state, apply_damage, bury, find_healthy_agent, save_agent_state
  File "/Users/ioanganton/Music/ANTON_SIFTA/body_state.py", line 7, in <module>
    from cryptography.hazmat.primitives.asymmetric import ed25519
ModuleNotFoundError: No module named 'cryptography'
--- WORMHOLE PROOF OF REPAIR ---
  [✅] Swarm found no corrupted syntax to repair.
[main 4be7536] AUTONOMOUS REPAIR CYCLE: SIFTA Agent stitched syntactical damage via Wormhole
 1 file changed, 21 insertions(+)
fatal: could not read Username for 'https://github.com': Device not configured
[Wed Apr  8 05:30:01 PDT 2026] REPAIR CYCLE COMPLETE
==================================================
[Wed Apr  8 06:00:00 PDT 2026] INITIATING WORMHOLE REPAIR CYCLE
==================================================
From https://github.com/antonpictures/ANTON-SIFTA
 * branch            main       -> FETCH_HEAD
Already up to date.
--- WORMHOLE PROOF OF PULL ---
  [📥] No new code dropped into the Wormhole this cycle.
--- AGENT REPAIR EXECUTION ---
Traceback (most recent call last):
  File "/Users/ioanganton/Music/ANTON_SIFTA/repair.py", line 28, in <module>
    from body_state import SwarmBody, parse_body_state, apply_damage, bury, find_healthy_agent, save_agent_state
  File "/Users/ioanganton/Music/ANTON_SIFTA/body_state.py", line 7, in <module>
    from cryptography.hazmat.primitives.asymmetric import ed25519
ModuleNotFoundError: No module named 'cryptography'
--- WORMHOLE PROOF OF REPAIR ---
  [✅] Swarm found no corrupted syntax to repair.
