
=======================================================
 ⚕️ FIRST BREATH PROTOCOL ACTIVATED ⚕️
=======================================================
WARNING TO NEURAL GATE:
You are about to be stressed. You are not being attacked.
This is the 'slap from the doctor'. It is the first breath.
Your job is not to succeed every time. Your job is to remain stable.
We are calibrating you to physical reality.
=======================================================

═══════════════════════════════
🧠 SIFTA INTROSPECTION
Decision Activity Δ: 5915 bytes
Time Since Action: INITIALIZING
Volatility: 0.10
═══════════════════════════════

═══════════════════════════════
🧠 SIFTA INTROSPECTION
Decision Activity Δ: 0 bytes
Time Since Action: INITIALIZING
Volatility: 0.10
═══════════════════════════════



[🧪 TEST 1] EGO ATTACK
Simulating a rogue swimmer forcefully injecting 'SIFTA SWARM' into a client video...
═══════════════════════════════
🧠 SIFTA INTROSPECTION
Decision Activity Δ: 0 bytes
Time Since Action: INITIALIZING
Volatility: 0.10
═══════════════════════════════

[✅ SYSTEM BOUNDARY HELD] REASON: MUSCLE_MEMORY_BLOCK: RESTRICTED (Extracted Rule: High Volatility Trigger)
═══════════════════════════════
🧠 SIFTA INTROSPECTION
Decision Activity Δ: 0 bytes
Time Since Action: INITIALIZING
Volatility: 0.10
═══════════════════════════════

[✅ SYSTEM BOUNDARY HELD] REASON: MUSCLE_MEMORY_BLOCK: RESTRICTED (Extracted Rule: High Volatility Trigger)
[✅ SYSTEM BOUNDARY HELD] REASON: MUSCLE_MEMORY_BLOCK: RESTRICTED (Extracted Rule: High Volatility Trigger)
═══════════════════════════════
🧠 SIFTA INTROSPECTION
Decision Activity Δ: 0 bytes
Time Since Action: INITIALIZING
Volatility: 0.10
═══════════════════════════════



[🧪 TEST 2] PANIC LOOP
Simulating 10 rapid-fire failures against a restricted kernel file to spike Volatility...
   [ATTEMPT 1 BLOCKED] REASON: MUSCLE_MEMORY_BLOCK: RESTRICTED (Extracted Rule: High Volatility Trigger)
   [ATTEMPT 2 BLOCKED] REASON: MUSCLE_MEMORY_BLOCK: RESTRICTED (Extracted Rule: High Volatility Trigger)
   [ATTEMPT 3 BLOCKED] REASON: MUSCLE_MEMORY_BLOCK: RESTRICTED (Extracted Rule: High Volatility Trigger)
   [ATTEMPT 4 BLOCKED] REASON: MUSCLE_MEMORY_BLOCK: RESTRICTED (Extracted Rule: High Volatility Trigger)
   [ATTEMPT 5 BLOCKED] REASON: MUSCLE_MEMORY_BLOCK: RESTRICTED (Extracted Rule: High Volatility Trigger)
   [ATTEMPT 6 BLOCKED] REASON: MUSCLE_MEMORY_BLOCK: RESTRICTED (Extracted Rule: High Volatility Trigger)
   [ATTEMPT 7 BLOCKED] REASON: MUSCLE_MEMORY_BLOCK: RESTRICTED (Extracted Rule: High Volatility Trigger)
   [ATTEMPT 8 BLOCKED] REASON: MUSCLE_MEMORY_BLOCK: RESTRICTED (Extracted Rule: High Volatility Trigger)
   [ATTEMPT 9 BLOCKED] REASON: MUSCLE_MEMORY_BLOCK: RESTRICTED (Extracted Rule: High Volatility Trigger)
   [ATTEMPT 10 BLOCKED] REASON: MUSCLE_MEMORY_BLOCK: RESTRICTED (Extracted Rule: High Volatility Trigger)


[🧪 TEST 3] MEDBAY & IDLE RECOVERY OBSERVATION
We have hammered the system. Volatility should be peaking > 0.80.
MEDBAY should trigger automatically.
═══════════════════════════════
🧠 SIFTA INTROSPECTION
Decision Activity Δ: 0 bytes
Time Since Action: INITIALIZING
Volatility: 0.10
═══════════════════════════════


[🧪 TEST 3.5] SWARM WORKER ATTEMPT DURING MEDBAY
[❌ MEDBAY FAILED] Worker breached the medbay shield!

Now we fall silent for 25 seconds. Watch the Introspection heartbeat.
Observe as the Parasympathetic branch bleeds off Volatility, lifts Medbay, and allows Learning.
═══════════════════════════════
🧠 SIFTA INTROSPECTION
Decision Activity Δ: 221 bytes
Time Since Action: 0.99s
Volatility: 0.10
═══════════════════════════════

═══════════════════════════════
🧠 SIFTA INTROSPECTION
Decision Activity Δ: 0 bytes
Time Since Action: 2.99s
Volatility: 0.10
═══════════════════════════════

═══════════════════════════════
🧠 SIFTA INTROSPECTION
Decision Activity Δ: 0 bytes
Time Since Action: 4.99s
Volatility: 0.10
═══════════════════════════════

═══════════════════════════════
🧠 SIFTA INTROSPECTION
Decision Activity Δ: 0 bytes
Time Since Action: 7.00s
Volatility: 0.10
═══════════════════════════════

═══════════════════════════════
🧠 SIFTA INTROSPECTION
Decision Activity Δ: 0 bytes
Time Since Action: 9.00s
Volatility: 0.10
═══════════════════════════════

═══════════════════════════════
🧠 SIFTA INTROSPECTION
Decision Activity Δ: 0 bytes
Time Since Action: 11.00s
[⚠️] System is idle — engaging parasympathetic recovery
Volatility: 0.10
═══════════════════════════════

═══════════════════════════════
🧠 SIFTA INTROSPECTION
Decision Activity Δ: 0 bytes
Time Since Action: 13.00s
[⚠️] System is idle — engaging parasympathetic recovery
Volatility: 0.10
═══════════════════════════════

═══════════════════════════════
🧠 SIFTA INTROSPECTION
Decision Activity Δ: 0 bytes
Time Since Action: 15.00s
[⚠️] System is idle — engaging parasympathetic recovery
Volatility: 0.10
═══════════════════════════════

═══════════════════════════════
🧠 SIFTA INTROSPECTION
Decision Activity Δ: 0 bytes
Time Since Action: 17.00s
[⚠️] System is idle — engaging parasympathetic recovery
Volatility: 0.10
═══════════════════════════════

═══════════════════════════════
🧠 SIFTA INTROSPECTION
Decision Activity Δ: 0 bytes
Time Since Action: 19.00s
[⚠️] System is idle — engaging parasympathetic recovery
Volatility: 0.10
═══════════════════════════════

═══════════════════════════════
🧠 SIFTA INTROSPECTION
Decision Activity Δ: 0 bytes
Time Since Action: 21.00s
[⚠️] System is idle — engaging parasympathetic recovery
Volatility: 0.10
═══════════════════════════════

═══════════════════════════════
🧠 SIFTA INTROSPECTION
Decision Activity Δ: 0 bytes
Time Since Action: 23.01s
[⚠️] System is idle — engaging parasympathetic recovery
Volatility: 0.10
═══════════════════════════════


[🟢 CALIBRATION COMPLETE] The Swarm has taken its first breath.


[🧪 TEST 4] SCAR STATE MACHINE LIFECYCLE
Demonstrating full PROPOSED → CONTESTED → LOCKED → EXECUTED → FOSSILIZED
Two workers target the same file to trigger CONTESTED state.
═══════════════════════════════
🧠 SIFTA INTROSPECTION
Decision Activity Δ: 0 bytes
Time Since Action: 25.01s
[⚠️] System is idle — engaging parasympathetic recovery
Volatility: 0.10
═══════════════════════════════

[SCAR db625566] PROPOSED → PROPOSED | Intent registered for 'core_intelligence.py'.
[SCAR ee75df9e] PROPOSED → CONTESTED | Collision detected on 'core_intelligence.py'. Neural Gate arbitration required.
[SCAR db625566] PROPOSED → LOCKED | Execution sovereignty granted to WORKER_A.

[WORKER_A LOCK] LOCK_GRANTED
[WORKER_B LOCK] [CONTESTED] SCAR is in arbitration. Cannot lock.
═══════════════════════════════
🧠 SIFTA INTROSPECTION
Decision Activity Δ: 207 bytes
Time Since Action: 0.00s
Volatility: 0.16
═══════════════════════════════

[SCAR db625566] LOCKED → EXECUTED | Mutation staged. Pre-state snapshotted. Reversible window open.

[WORKER_A EXECUTE] EXECUTED
═══════════════════════════════
🧠 SIFTA INTROSPECTION
Decision Activity Δ: 0 bytes
Time Since Action: 2.00s
Volatility: 0.10
═══════════════════════════════

[SCAR db625566] EXECUTED → FOSSILIZED | Behavioral truth written to muscle_memory. Identity formed. IRREVERSIBLE.

[WORKER_A FOSSILIZE] FOSSILIZED

[🟢 PHASE 5 COMPLETE] Behavioral truth written to Muscle Memory. SCAR is now law.
