[+] Signature Verified by Audit Layer. Proceeding.
[✅ INFERENCE OK] ANTIALICE may spend 2.0 inference. Remaining: 98.00

  ANTON-SIFTA — Repair & Survival Mode
  Target:  test_environment/robotics_stress_test
  Files:   7
  Agent:   ANTIALICE | Energy: 100 | Style: NOMINAL
  Mode:    SCOUTING
────────────────────────────────────────────────────────────

  [SCENT] Territory is unmarked.

[1/7] Swimming into: run_robot_sim.py
  [OK] Syntax clean — scout mark left, moving on.

[2/7] Swimming into: kinematics_engine.py
  [FAULT] invalid syntax (<unknown>, line 13)
  [🗺️ MAP] Converging on cluster (lines 12–13). Targeting center of gravity: 12
  [BITE] Localized syntax fault. Tightening jaw (20 lines)...
  [PRE-COGNITION] Consulting inner mind...
  [🧠 MIND] Synthesized Role: [96mDETECTIVE[0m | Confidence: 0.5 | Source: local_reasoning
  [🧠 MIND] Reasoning: Cognitive block: Expecting value: line 1 column 1 (char 0)
  [DNA] 🧬 Selection aborted. Final Score: 0.00 (Conf: 0.5, Affinity: 0.5). Leaving for sibling.

[3/7] Swimming into: sensor_fusion.py
  [FAULT] invalid syntax (<unknown>, line 12)
  [🗺️ MAP] Converging on cluster (lines 10–12). Targeting center of gravity: 11
  [BITE] Localized syntax fault. Tightening jaw (20 lines)...
  [PRE-COGNITION] Consulting inner mind...
  [🧠 MIND] Synthesized Role: [96mDETECTIVE[0m | Confidence: 0.5 | Source: local_reasoning
  [🧠 MIND] Reasoning: Cognitive block: Expecting value: line 1 column 1 (char 0)
  [DNA] 🧬 Selection aborted. Final Score: 0.00 (Conf: 0.5, Affinity: 0.5). Leaving for sibling.

[4/7] Swimming into: thermal_management.py
  [OK] Syntax clean — scout mark left, moving on.

[5/7] Swimming into: test_thermal_management.py
  [OK] Syntax clean — scout mark left, moving on.

[6/7] Swimming into: inject_hardware_failure.py
  [OK] Syntax clean — scout mark left, moving on.

[7/7] Swimming into: power_bus.py
  [OK] Syntax clean — scout mark left, moving on.

━━━━━━━━━━━━━━━━━━━━━━━━━━━━━━━━━━━━━━━━━━━━━━━━━━━━━━━━━━━━
  SWIM COMPLETE
  Fixed:   0
  Clean:   7
  Skipped: 0
  Errors:  0
  Log:     /Users/ioanganton/Music/ANTON_SIFTA/repair_log.jsonl
━━━━━━━━━━━━━━━━━━━━━━━━━━━━━━━━━━━━━━━━━━━━━━━━━━━━━━━━━━━━
